<?xml version="1.0" encoding="UTF-8"?>
<!-- Generated by org.testng.reporters.JUnitXMLReporter -->
<testsuite ignored="0" hostname="Rashmi" failures="1" tests="1" name="EmpTest" time="0.179" errors="0" timestamp="2024-05-22T22:12:43 GMT-04:00">
  <testcase classname="pkg.EmpRegTest" name="checkEmp" time="0.0">
    <failure type="org.testng.TestNGException" message="
Parameter &amp;apos;Lastname&amp;apos; is required by @Test on method checkEmp but has not been marked @Optional or defined
in D:\Selenium work\Testng_Proj\testng.xml">
      <![CDATA[org.testng.TestNGException: 
Parameter 'Lastname' is required by @Test on method checkEmp but has not been marked @Optional or defined
in D:\Selenium work\Testng_Proj\testng.xml
at java.base/java.util.ArrayList.forEach(ArrayList.java:1541)
... Removed 26 stack frames]]>
    </failure>
  </testcase> <!-- checkEmp -->
</testsuite> <!-- EmpTest -->
