<?xml version="1.0" encoding="UTF-8"?>
<!-- Generated by org.testng.reporters.JUnitXMLReporter -->
<testsuite ignored="0" hostname="Rashmi" failures="1" tests="1" name="ReceiveMailTestCase" time="0.026" errors="0" timestamp="2024-05-22T05:34:15 GMT-04:00">
  <testcase classname="pkg.SendMailTest" name="send" time="0.0">
    <failure type="org.testng.TestNGException" message="
Parameter &amp;apos;First&amp;apos; is required by @Test on method send but has not been marked @Optional or defined
in D:\Selenium work\Testng_Proj\Gmail.xml">
      <![CDATA[org.testng.TestNGException: 
Parameter 'First' is required by @Test on method send but has not been marked @Optional or defined
in D:\Selenium work\Testng_Proj\Gmail.xml
at java.base/java.util.ArrayList.forEach(ArrayList.java:1541)
... Removed 26 stack frames]]>
    </failure>
  </testcase> <!-- send -->
</testsuite> <!-- ReceiveMailTestCase -->
